front/app/build/outputs/mapping/release/seeds.txt
com.festalfactory.twa.Application
com.festalfactory.twa.LauncherActivity: LauncherActivity()
com.festalfactory.twa.DelegationService
com.festalfactory.twa.LauncherActivity
com.festalfactory.twa.Application: Application()
com.festalfactory.twa.DelegationService: DelegationService()
...
androidx.lifecycle.SingleGeneratedAdapterObserver
com.google.android.gms.auth.api.signin.GoogleSignInAccount: android.os.Parcelable$Creator CREATOR
com.google.android.gms.internal.location.zzbf: android.os.Parcelable$Creator CREATOR
androidx.lifecycle.Lifecycle$Event: androidx.lifecycle.Lifecycle$Event[] $VALUES
com.google.android.gms.common.api.GoogleApiActivity: GoogleApiActivity()
androidx.core.app.CoreComponentFactory
com.android.billingclient.api.ProxyBillingActivity: ProxyBillingActivity()
androidx.core.app.RemoteActionCompatParcelizer: androidx.core.app.RemoteActionCompat read(androidx.versionedparcelable.VersionedParcel)
com.google.android.gms.signin.internal.zaj: android.os.Parcelable$Creator CREATOR
androidx.lifecycle.FullLifecycleObserverAdapter
android.support.v4.app.RemoteActionCompatParcelizer: androidx.core.app.RemoteActionCompat read(androidx.versionedparcelable.VersionedParcel)
com.google.androidbrowserhelper.playbilling.provider.PaymentActivity: PaymentActivity()
com.google.androidbrowserhelper.locationdelegation.PermissionRequestActivity
com.google.android.gms.location.LocationRequest: android.os.Parcelable$Creator CREATOR
com.google.android.gms.common.api.internal.LifecycleCallback: com.google.android.gms.common.api.internal.LifecycleFragment getChimeraLifecycleFragmentImpl(com.google.android.gms.common.api.internal.LifecycleActivity)
com.google.androidbrowserhelper.locationdelegation.PermissionRequestActivity: PermissionRequestActivity()
androidx.core.graphics.drawable.IconCompatParcelizer
androidx.annotation.Keep
androidx.browser.browseractions.BrowserActionsFallbackMenuView: BrowserActionsFallbackMenuView(android.content.Context,android.util.AttributeSet)
com.google.android.gms.common.internal.GetServiceRequest: android.os.Parcelable$Creator CREATOR
com.google.android.gms.internal.location.zzad: android.os.Parcelable$Creator CREATOR
com.google.android.gms.signin.internal.zah: android.os.Parcelable$Creator CREATOR
androidx.lifecycle.Lifecycle$Event: androidx.lifecycle.Lifecycle$Event ON_PAUSE
com.google.android.gms.common.annotation.KeepName
com.google.android.gms.common.api.Status: android.os.Parcelable$Creator CREATOR
androidx.loader.app.LoaderManagerImpl$LoaderViewModel
android.support.v4.graphics.drawable.IconCompatParcelizer: IconCompatParcelizer()
androidx.core.app.RemoteActionCompat: RemoteActionCompat()
com.google.android.gms.internal.location.zzo: android.os.Parcelable$Creator CREATOR
com.google.androidbrowserhelper.trusted.ManageDataLauncherActivity
androidx.core.app.CoreComponentFactory: CoreComponentFactory()
com.google.androidbrowserhelper.playbilling.provider.PaymentActivity
androidx.lifecycle.Lifecycle$Event: androidx.lifecycle.Lifecycle$Event ON_DESTROY
com.google.android.gms.common.util.DynamiteApi
androidx.versionedparcelable.CustomVersionedParcelable: CustomVersionedParcelable()
com.google.androidbrowserhelper.trusted.DelegationService: DelegationService()
androidx.fragment.app.FragmentState: android.os.Parcelable$Creator CREATOR
com.google.androidbrowserhelper.playbilling.provider.PaymentService: PaymentService()
androidx.fragment.app.BackStackState: android.os.Parcelable$Creator CREATOR
androidx.lifecycle.Lifecycle$State: androidx.lifecycle.Lifecycle$State valueOf(java.lang.String)
com.google.androidbrowserhelper.trusted.FocusActivity
androidx.core.content.FileProvider: FileProvider()
com.google.android.gms.common.internal.ResolveAccountResponse: android.os.Parcelable$Creator CREATOR
com.google.android.gms.common.internal.ClientIdentity: android.os.Parcelable$Creator CREATOR
androidx.lifecycle.CompositeGeneratedAdaptersObserver
androidx.lifecycle.Lifecycle$Event: androidx.lifecycle.Lifecycle$Event ON_RESUME
android.support.v4.app.RemoteActionCompatParcelizer
com.google.android.gms.common.api.internal.LifecycleCallback
androidx.core.graphics.drawable.IconCompatParcelizer: void write(androidx.core.graphics.drawable.IconCompat,androidx.versionedparcelable.VersionedParcel)