front/app/build/outputs/mapping/release/mapping.txt
# compiler: R8
# compiler_version: 2.1.86
# min_api: 19
# pg_map_id: b1d93da
# common_typos_disable
com.festalfactory.twa.LauncherActivity -> com.festalfactory.twa.LauncherActivity:
    android.net.Uri getLaunchingUrl() -> f
...
com.google.androidbrowserhelper.trusted.ChromeLegacyUtils -> com.google.androidbrowserhelper.trusted.i:
    java.util.List VERSION_CHECK_CHROME_PACKAGES -> b
    java.util.List SUPPORTED_CHROME_PACKAGES -> a
    java.util.List LOCAL_BUILD_PACKAGES -> c
    boolean checkChromeVersion(android.content.pm.PackageManager,java.lang.String,int) -> a
    int getVersionCode(android.content.pm.PackageManager,java.lang.String) -> b
    boolean supportsLaunchWithoutWarmup(android.content.pm.PackageManager,java.lang.String) -> c
    boolean supportsManageSpaceWithoutWarmupAndValidation(android.content.pm.PackageManager,java.lang.String) -> d
    boolean supportsNavbarAndColorCustomization(android.content.pm.PackageManager,java.lang.String) -> e
    boolean supportsSiteSettings(android.content.pm.PackageManager,java.lang.String) -> f
    boolean supportsTrustedWebActivities(android.content.pm.PackageManager,java.lang.String) -> g
    boolean usesWhiteNavbar(java.lang.String) -> h
com.google.androidbrowserhelper.trusted.ChromeOsSupport -> com.google.androidbrowserhelper.trusted.j:
    boolean isRunningOnArc(android.content.pm.PackageManager) -> a
com.google.androidbrowserhelper.trusted.ChromeUpdatePrompt -> com.google.androidbrowserhelper.trusted.k:
    boolean chromeNeedsUpdate(android.content.pm.PackageManager,java.lang.String) -> a
    void promptIfNeeded(android.content.Context,java.lang.String) -> b
    void showToastIfResourceExists(android.content.Context,java.lang.String) -> c
com.google.androidbrowserhelper.trusted.DelegationService -> com.google.androidbrowserhelper.trusted.l:
    com.google.androidbrowserhelper.trusted.SharedPreferencesTokenStore mTokenStore -> e
    java.util.List mExtraCommandHandlers -> d
    androidx.browser.trusted.TokenStore getTokenStore() -> c
    android.os.Bundle onExtraCommand(java.lang.String,android.os.Bundle,androidx.browser.trusted.TrustedWebActivityCallbackRemote) -> f
    void registerExtraCommandHandler(com.google.androidbrowserhelper.trusted.ExtraCommandHandler) -> k
com.google.androidbrowserhelper.trusted.ExtraCommandHandler -> com.google.androidbrowserhelper.trusted.m:
    android.os.Bundle handleExtraCommand(android.content.Context,java.lang.String,android.os.Bundle,androidx.browser.trusted.TrustedWebActivityCallbackRemote) -> a
com.google.androidbrowserhelper.trusted.FocusActivity -> com.google.androidbrowserhelper.trusted.FocusActivity:
    java.lang.Boolean mActivityExistsCached -> a
    void addToIntent(android.content.Intent,android.content.Context) -> a
com.google.androidbrowserhelper.trusted.LauncherActivity -> com.google.androidbrowserhelper.trusted.n:
    androidx.browser.customtabs.CustomTabsCallback mCustomTabsCallback -> d
    boolean sChromeVersionChecked -> f
    int sLauncherActivitiesAlive -> g
    com.google.androidbrowserhelper.trusted.splashscreens.PwaWrapperSplashScreenStrategy mSplashScreenStrategy -> c
    com.google.androidbrowserhelper.trusted.TwaLauncher mTwaLauncher -> e
    com.google.androidbrowserhelper.trusted.LauncherActivityMetadata mMetadata -> a
    boolean mBrowserWasLaunched -> b
    void addShareDataIfPresent(androidx.browser.trusted.TrustedWebActivityIntentBuilder) -> a
    com.google.androidbrowserhelper.trusted.TwaLauncher createTwaLauncher() -> b
    int getColorCompat(int) -> c
    androidx.browser.trusted.TrustedWebActivityDisplayMode getDisplayMode() -> d
    com.google.androidbrowserhelper.trusted.TwaLauncher$FallbackStrategy getFallbackStrategy() -> e
    android.net.Uri getLaunchingUrl() -> f
    android.widget.ImageView$ScaleType getSplashImageScaleType() -> g
    android.graphics.Matrix getSplashImageTransformationMatrix() -> h
    void lambda$launchTwa$0() -> i
    void lambda$launchTwa$0$LauncherActivity() -> j
    void launchTwa() -> k
    boolean restartInNewTask() -> l
    boolean shouldLaunchImmediately() -> m
    boolean splashScreenNeeded() -> n