front/app/build/outputs/mapping/release/usage.txt
com.festalfactory.twa.R$layout
com.festalfactory.twa.R$bool
com.festalfactory.twa.R$xml
com.festalfactory.twa.R$dimen
com.festalfactory.twa.R$drawable
com.festalfactory.twa.R
com.festalfactory.twa.R$style
com.festalfactory.twa.R$attr
com.festalfactory.twa.R$integer
com.festalfactory.twa.R$string
com.festalfactory.twa.R$color
com.festalfactory.twa.R$styleable
com.festalfactory.twa.R$raw
com.festalfactory.twa.R$id
com.festalfactory.twa.R$mipmap
com.festalfactory.twa.BuildConfig
...
androidx.core.provider.SelfDestructiveThread$2$1
com.google.android.gms.common.api.internal.zacb
androidx.viewpager.widget.PagerTitleStrip$SingleLineAllCapsTransform
com.google.android.gms.common.internal.IResolveAccountCallbacks$Stub
androidx.core.widget.ContentLoadingProgressBar$1
com.google.android.gms.dynamite.zza
androidx.viewpager.widget.ViewPager$PagerObserver
androidx.customview.widget.FocusStrategy$CollectionAdapter
androidx.core.view.accessibility.AccessibilityViewCommand
androidx.documentfile.R
androidx.coordinatorlayout.R$attr
com.google.android.gms.common.api.internal.StatusPendingResult
com.google.android.gms.common.server.response.zal
com.google.android.gms.common.api.internal.BasePendingResult$CallbackHandler:
    public void <init>()
androidx.core.util.ObjectsCompat
android.support.v4.os.ResultReceiver$1
androidx.annotation.WorkerThread
com.google.android.gms.common.api.GoogleApi:
    public void <init>(android.content.Context,com.google.android.gms.common.api.Api,com.google.android.gms.common.api.Api$ApiOptions,android.os.Looper,com.google.android.gms.common.api.internal.StatusExceptionMapper)
    public void <init>(android.app.Activity,com.google.android.gms.common.api.Api,com.google.android.gms.common.api.Api$ApiOptions,com.google.android.gms.common.api.GoogleApi$Settings)
    public void <init>(android.content.Context,com.google.android.gms.common.api.Api,com.google.android.gms.common.api.Api$ApiOptions,com.google.android.gms.common.api.GoogleApi$Settings)
    public void <init>(android.app.Activity,com.google.android.gms.common.api.Api,com.google.android.gms.common.api.Api$ApiOptions,com.google.android.gms.common.api.internal.StatusExceptionMapper)
    public void <init>(android.content.Context,com.google.android.gms.common.api.Api,com.google.android.gms.common.api.Api$ApiOptions,com.google.android.gms.common.api.internal.StatusExceptionMapper)
    private final com.google.android.gms.tasks.Task zaa(int,com.google.android.gms.common.api.internal.TaskApiCall)
    public com.google.android.gms.common.api.internal.BaseImplementation$ApiMethodImpl doRead(com.google.android.gms.common.api.internal.BaseImplementation$ApiMethodImpl)
    public com.google.android.gms.tasks.Task doRead(com.google.android.gms.common.api.internal.TaskApiCall)
androidx.coordinatorlayout.R$integer
com.google.android.gms.common.data.AbstractDataBuffer
androidx.lifecycle.ViewModelProvider$AndroidViewModelFactory
androidx.swiperefreshlayout.widget.CircularProgressDrawable$Ring
com.google.android.gms.tasks.zza
com.google.android.gms.common.server.converter.StringToIntConverter$zaa
com.google.androidbrowserhelper.R$attr
com.google.android.gms.internal.location.zzbh
android.support.customtabs.trusted.ITrustedWebActivityCallback$Stub:
    public void <init>()
    public static boolean setDefaultImpl(android.support.customtabs.trusted.ITrustedWebActivityCallback)
    public android.os.IBinder asBinder()
    public boolean onTransact(int,android.os.Parcel,android.os.Parcel,int)
    private static final java.lang.String DESCRIPTOR
    static final int TRANSACTION_onExtraCallback
androidx.fragment.app.FragmentTabHost$SavedState$1
com.google.android.gms.dynamite.DynamiteModule$VersionPolicy$zza
com.google.android.gms.common.internal.safeparcel.SafeParcelable$Param
com.google.android.gms.common.api.internal.RemoteCall
androidx.core.text.PrecomputedTextCompat$Params$Builder
androidx.annotation.DrawableRes
com.google.android.gms.common.internal.zaa
androidx.core.app.ServiceCompat$StopForegroundFlags
androidx.loader.R$style
com.android.billingclient.api.zzaf:
    final void zzc()
androidx.core.net.ConnectivityManagerCompat
androidx.concurrent.futures.CallbackToFutureAdapter$FutureGarbageCollectedException
androidx.core.content.res.ResourcesCompat$FontCallback$2
androidx.browser.browseractions.BrowserActionsFallbackMenuAdapter$ViewHolderItem
androidx.customview.R$styleable